{"name": "test_002", "status": "failed", "statusDetails": {"message": "AssertionError: assert True == False", "trace": "self = <test_001.TestTemplate object at 0x10fbe8340>\n\n    def test_002(self):\n        print()\n        print('---------')\n        print('Test_002 start')\n>       assert True == False\nE       assert True == False\n\nTest_dir/test_001.py:13: AssertionError"}, "attachments": [{"name": "stdout", "source": "32d25ce3-76e0-4970-8bfd-7f8b4dadec33-attachment.txt", "type": "text/plain"}], "start": 1661455578084, "stop": 1661455578084, "uuid": "04718dd6-453f-4102-9e15-1446b3043b3d", "historyId": "0af4ead0135cdc50348a38585c5492fe", "testCaseId": "31e17693a529df634aff08a20eacaefd", "fullName": "Test_dir.test_001.TestTemplate#test_002", "labels": [{"name": "parentSuite", "value": "Test_dir"}, {"name": "suite", "value": "test_001"}, {"name": "subSuite", "value": "TestTemplate"}, {"name": "host", "value": "Nayanzinas-MacBook-Pro.local"}, {"name": "thread", "value": "3951-MainThread"}, {"name": "framework", "value": "pytest"}, {"name": "language", "value": "cpython3"}, {"name": "package", "value": "Test_dir.test_001"}]}